{
  "stats": {
    "suites": 1,
    "tests": 1,
    "passes": 0,
    "pending": 0,
    "failures": 1,
    "start": "2025-11-07T19:45:00.404Z",
    "end": "2025-11-07T19:45:38.886Z",
    "duration": 38482,
    "testsRegistered": 1,
    "passPercent": 0,
    "pendingPercent": 0,
    "other": 0,
    "hasOther": false,
    "skipped": 0,
    "hasSkipped": false
  },
  "results": [
    {
      "uuid": "5820ddc6-a145-4d7f-b750-088777d57697",
      "title": "",
      "fullFile": "cypress\\e2e\\search\\searchByFiltroTest.cy.js",
      "file": "cypress\\e2e\\search\\searchByFiltroTest.cy.js",
      "beforeHooks": [],
      "afterHooks": [],
      "tests": [],
      "suites": [
        {
          "uuid": "4373036a-1eaa-44cf-b1d4-f557e817f9ff",
          "title": "Pruebas de busqueda por selector de filtros",
          "fullFile": "",
          "file": "",
          "beforeHooks": [],
          "afterHooks": [],
          "tests": [
            {
              "title": "Busqueda por filtro de vehiculo por marca",
              "fullTitle": "Pruebas de busqueda por selector de filtros Busqueda por filtro de vehiculo por marca",
              "timedOut": null,
              "duration": 17661,
              "state": "failed",
              "speed": null,
              "pass": false,
              "fail": true,
              "pending": false,
              "context": null,
              "code": "homePage.irPaginaCompra_Todos();\nsearchByFiltroPage.selecionarMarcaFiltro('Suzuki');\n//Validación de que la URL contenga el filtro aplicado\ncy.contains('Ir').first().click();\ncy.url().should('include', 'suzuki');",
              "err": {
                "message": "AssertionError: Timed out retrying after 10000ms: Expected to find element: `[data-aspect=\"Marca\"]`, but never found it.",
                "estack": "AssertionError: Timed out retrying after 10000ms: Expected to find element: `[data-aspect=\"Marca\"]`, but never found it.\n    at SearchByFiltroPage.selecionarMarcaFiltro (webpack://chileautos-qa-automation/./cypress/pages/searchByFiltroPage.js:10:11)\n    at Context.eval (webpack://chileautos-qa-automation/./cypress/e2e/search/searchByFiltroTest.cy.js:14:27)",
                "diff": null
              },
              "uuid": "2a840d1d-3deb-420a-bd2c-20a94eadde9a",
              "parentUUID": "4373036a-1eaa-44cf-b1d4-f557e817f9ff",
              "isHook": false,
              "skipped": false
            }
          ],
          "suites": [],
          "passes": [],
          "failures": [
            "2a840d1d-3deb-420a-bd2c-20a94eadde9a"
          ],
          "pending": [],
          "skipped": [],
          "duration": 17661,
          "root": false,
          "rootEmpty": false,
          "_timeout": 2000
        }
      ],
      "passes": [],
      "failures": [],
      "pending": [],
      "skipped": [],
      "duration": 0,
      "root": true,
      "rootEmpty": true,
      "_timeout": 2000
    }
  ],
  "meta": {
    "mocha": {
      "version": "7.2.0"
    },
    "mochawesome": {
      "options": {
        "quiet": false,
        "reportFilename": "mochawesome",
        "saveHtml": true,
        "saveJson": true,
        "consoleReporter": "spec",
        "useInlineDiffs": false,
        "code": true
      },
      "version": "7.1.4"
    },
    "marge": {
      "options": {
        "charts": false,
        "html": true,
        "json": true,
        "reportDir": "cypress/reports/mochawesome_reports",
        "overwrite": false
      },
      "version": "6.3.2"
    }
  }
}