{
  "stats": {
    "suites": 1,
    "tests": 4,
    "passes": 4,
    "pending": 0,
    "failures": 0,
    "start": "2025-11-07T19:43:28.090Z",
    "end": "2025-11-07T19:44:59.020Z",
    "duration": 90930,
    "testsRegistered": 4,
    "passPercent": 100,
    "pendingPercent": 0,
    "other": 0,
    "hasOther": false,
    "skipped": 0,
    "hasSkipped": false
  },
  "results": [
    {
      "uuid": "643a407f-9c3c-4ba4-a44f-1eae06bbe0a9",
      "title": "",
      "fullFile": "cypress\\e2e\\publish\\anuncioVentaTest.cy.js",
      "file": "cypress\\e2e\\publish\\anuncioVentaTest.cy.js",
      "beforeHooks": [],
      "afterHooks": [],
      "tests": [],
      "suites": [
        {
          "uuid": "63685ed5-3cb9-42ab-aa5a-dbe76f9de58e",
          "title": "Pruebas de publicación de anuncio de venta de vehículo",
          "fullFile": "",
          "file": "",
          "beforeHooks": [],
          "afterHooks": [],
          "tests": [
            {
              "title": "Validar navegación a página de publicación de anuncio de venta",
              "fullTitle": "Pruebas de publicación de anuncio de venta de vehículo Validar navegación a página de publicación de anuncio de venta",
              "timedOut": null,
              "duration": 19973,
              "state": "passed",
              "speed": "slow",
              "pass": true,
              "fail": false,
              "pending": false,
              "context": null,
              "code": "//configurando ruta de screenshot con estructura de carpetas\nconst rutaScreenshot = this.test.parent.title + '/' + this.test.title;\n//Inicializando variables\nlet contador_ss = 1;\n//Inicio de flujo de prueba\nhomePage.irPaginaPublicarVehiculo();\nanuncioVentaPage.seleccionarTipoVehiculo(vehiculoPrueba, rutaScreenshot + '_' + contador_ss++);\nanuncioVentaPage.crearPublicacionVisible(vehiculoPrueba, vehiculoPrueba, rutaScreenshot + '_' + contador_ss++);\ncy.screenshot(rutaScreenshot, {\n  overwrite: true\n});",
              "err": {},
              "uuid": "44e0a7fe-068c-4583-a37e-6b93e1dd3f14",
              "parentUUID": "63685ed5-3cb9-42ab-aa5a-dbe76f9de58e",
              "isHook": false,
              "skipped": false
            },
            {
              "title": "Crear una publicacion",
              "fullTitle": "Pruebas de publicación de anuncio de venta de vehículo Crear una publicacion",
              "timedOut": null,
              "duration": 30449,
              "state": "passed",
              "speed": "slow",
              "pass": true,
              "fail": false,
              "pending": false,
              "context": null,
              "code": "//configurando ruta de screenshot con estructura de carpetas\nconst rutaScreenshot = this.test.parent.title + '/' + this.test.title;\n//Inicializando variables\nlet contador_ss = 1;\n//Pre inicio de flujo de creacion de publicacion\nhomePage.irPaginaPublicarVehiculo();\nanuncioVentaPage.seleccionarTipoVehiculo(vehiculoPrueba);\n//Flujo completo de creacion de publicacion\nanuncioVentaPage.crearPublicacion_marca(vehiculoPrueba, rutaScreenshot + '_' + contador_ss++);\nanuncioVentaPage.crearPublicacion_modelo(vehiculoPrueba, rutaScreenshot + '_' + contador_ss++);\nanuncioVentaPage.crearPublicacion_anno(vehiculoPrueba, rutaScreenshot + '_' + contador_ss++);\nanuncioVentaPage.crearPublicacion_transmicion(vehiculoPrueba, rutaScreenshot + '_' + contador_ss++);\nanuncioVentaPage.crearPublicacion_segmento(vehiculoPrueba, rutaScreenshot + '_' + contador_ss++);\nanuncioVentaPage.crearPublicacion_combustible(vehiculoPrueba, rutaScreenshot + '_' + contador_ss++);\nanuncioVentaPage.crearPublicacion_insignia(vehiculoPrueba, rutaScreenshot + '_' + contador_ss++);\nanuncioVentaPage.validar_coincidencias_vehiculos_encontrados(rutaScreenshot + '_' + contador_ss++);",
              "err": {},
              "uuid": "bba9b3ff-5a28-4ab9-9c12-c81faa8d1905",
              "parentUUID": "63685ed5-3cb9-42ab-aa5a-dbe76f9de58e",
              "isHook": false,
              "skipped": false
            },
            {
              "title": "Validar campo de seleccion de marca, impida continuar flujo y solicita seleccionar una marca de la lista",
              "fullTitle": "Pruebas de publicación de anuncio de venta de vehículo Validar campo de seleccion de marca, impida continuar flujo y solicita seleccionar una marca de la lista",
              "timedOut": null,
              "duration": 16339,
              "state": "passed",
              "speed": "slow",
              "pass": true,
              "fail": false,
              "pending": false,
              "context": null,
              "code": "//configurando ruta de screenshot con estructura de carpetas\nconst rutaScreenshot = this.test.parent.title + '/' + this.test.title;\n//Inicializando variables\nlet contador_ss = 1;\n///Inicio de flujo de creacion de publicacion\nhomePage.irPaginaPublicarVehiculo();\nanuncioVentaPage.seleccionarTipoVehiculo(vehiculoPrueba, rutaScreenshot + '_' + contador_ss++);\nanuncioVentaPage.validarCamposObligatoriosDropdowns(rutaScreenshot);",
              "err": {},
              "uuid": "77517063-df66-43c8-944c-9c4e2dcc42a0",
              "parentUUID": "63685ed5-3cb9-42ab-aa5a-dbe76f9de58e",
              "isHook": false,
              "skipped": false
            },
            {
              "title": "Validar campo de seleccion de modelo, impida continuar flujo y solicita seleccionar un modelo de la lista",
              "fullTitle": "Pruebas de publicación de anuncio de venta de vehículo Validar campo de seleccion de modelo, impida continuar flujo y solicita seleccionar un modelo de la lista",
              "timedOut": null,
              "duration": 21381,
              "state": "passed",
              "speed": "slow",
              "pass": true,
              "fail": false,
              "pending": false,
              "context": null,
              "code": "//configurando ruta de screenshot con estructura de carpetas\nconst rutaScreenshot = this.test.parent.title + '/' + this.test.title;\n//Inicializando variables\nlet contador_ss = 1;\n//Inicio de flujo de creacion de publicacion\nhomePage.irPaginaPublicarVehiculo();\nanuncioVentaPage.seleccionarTipoVehiculo(vehiculoPrueba, rutaScreenshot + '_' + contador_ss++);\nanuncioVentaPage.crearPublicacion_marca(vehiculoPrueba, rutaScreenshot + '_' + contador_ss++);\nanuncioVentaPage.validarCamposObligatoriosDropdowns(rutaScreenshot);",
              "err": {},
              "uuid": "3209148b-5449-4530-b8f8-ea12e38b3491",
              "parentUUID": "63685ed5-3cb9-42ab-aa5a-dbe76f9de58e",
              "isHook": false,
              "skipped": false
            }
          ],
          "suites": [],
          "passes": [
            "44e0a7fe-068c-4583-a37e-6b93e1dd3f14",
            "bba9b3ff-5a28-4ab9-9c12-c81faa8d1905",
            "77517063-df66-43c8-944c-9c4e2dcc42a0",
            "3209148b-5449-4530-b8f8-ea12e38b3491"
          ],
          "failures": [],
          "pending": [],
          "skipped": [],
          "duration": 88142,
          "root": false,
          "rootEmpty": false,
          "_timeout": 2000
        }
      ],
      "passes": [],
      "failures": [],
      "pending": [],
      "skipped": [],
      "duration": 0,
      "root": true,
      "rootEmpty": true,
      "_timeout": 2000
    }
  ],
  "meta": {
    "mocha": {
      "version": "7.2.0"
    },
    "mochawesome": {
      "options": {
        "quiet": false,
        "reportFilename": "mochawesome",
        "saveHtml": true,
        "saveJson": true,
        "consoleReporter": "spec",
        "useInlineDiffs": false,
        "code": true
      },
      "version": "7.1.4"
    },
    "marge": {
      "options": {
        "charts": false,
        "html": true,
        "json": true,
        "reportDir": "cypress/reports/mochawesome_reports",
        "overwrite": false
      },
      "version": "6.3.2"
    }
  }
}